<?xml version="1.0" encoding="UTF-8"?>
<!-- Generated by org.testng.reporters.JUnitXMLReporter -->
<testsuite ignored="6" hostname="LAPTOP-RALNLQ2A" failures="0" tests="1" name="Default test(failed)" time="8.283" errors="0" timestamp="2025-04-01T15:56:38 IST">
  <testcase classname="TutorialsPoint.PracticeTests" name="tab_handling" time="6.711"/>
  <testcase classname="TutorialsPoint.PracticeTests" name="window_handling" time="0.0">
    <ignored/>
  </testcase> <!-- window_handling -->
  <testcase classname="TutorialsPoint.PracticeTests" name="file_uploads" time="0.0">
    <ignored/>
  </testcase> <!-- file_uploads -->
  <testcase classname="TutorialsPoint.PracticeTests" name="table_handling" time="0.0">
    <ignored/>
  </testcase> <!-- table_handling -->
  <testcase classname="TutorialsPoint.PracticeTests" name="take_screenshot" time="0.0">
    <ignored/>
  </testcase> <!-- take_screenshot -->
  <testcase classname="TutorialsPoint.PracticeTests" name="frame_handling" time="0.0">
    <ignored/>
  </testcase> <!-- frame_handling -->
  <testcase classname="TutorialsPoint.PracticeTests" name="take_element_screenshot" time="0.0">
    <ignored/>
  </testcase> <!-- take_element_screenshot -->
</testsuite> <!-- Default test(failed) -->
