<?xml version="1.0" encoding="UTF-8"?>
<!-- Generated by org.testng.reporters.JUnitXMLReporter -->
<testsuite ignored="5" hostname="LAPTOP-RALNLQ2A" failures="0" tests="1" name="Default test" time="18.438" errors="0" timestamp="2025-05-16T12:43:33 IST">
  <testcase classname="MockInterviewTests.Day1_Interview" name="TC_06_GetAllTheLinks" time="16.519"/>
  <testcase classname="MockInterviewTests.Day1_Interview" name="TC_04_IframeOrNot" time="0.0">
    <ignored/>
  </testcase> <!-- TC_04_IframeOrNot -->
  <testcase classname="MockInterviewTests.Day1_Interview" name="TC_01_Handling_Windows" time="0.0">
    <ignored/>
  </testcase> <!-- TC_01_Handling_Windows -->
  <testcase classname="MockInterviewTests.Day1_Interview" name="TC_03_SwitchingIframes" time="0.0">
    <ignored/>
  </testcase> <!-- TC_03_SwitchingIframes -->
  <testcase classname="MockInterviewTests.Day1_Interview" name="TC_02_DynamicWebelements" time="0.0">
    <ignored/>
  </testcase> <!-- TC_02_DynamicWebelements -->
  <testcase classname="MockInterviewTests.Day1_Interview" name="TC_05_Actions" time="0.0">
    <ignored/>
  </testcase> <!-- TC_05_Actions -->
</testsuite> <!-- Default test -->
