<?xml version="1.0" encoding="UTF-8"?>
<!-- Generated by org.testng.reporters.JUnitXMLReporter -->
<testsuite ignored="2" hostname="LAPTOP-RALNLQ2A" failures="0" tests="1" name="Default test" time="3.68" errors="0" timestamp="2025-04-28T15:18:14 IST">
  <testcase classname="PracticeTests.Element_Interations" name="TC03_Handling_Links" time="0.337"/>
  <testcase classname="PracticeTests.Element_Interations" name="TC02_Handling_Buttons" time="0.0">
    <ignored/>
  </testcase> <!-- TC02_Handling_Buttons -->
  <testcase classname="PracticeTests.Element_Interations" name="TC01_Handling_Textboxes" time="0.0">
    <ignored/>
  </testcase> <!-- TC01_Handling_Textboxes -->
</testsuite> <!-- Default test -->
