<?xml version="1.0" encoding="UTF-8"?>
<!-- Generated by org.testng.reporters.JUnitXMLReporter -->
<testsuite ignored="9" hostname="LAPTOP-RALNLQ2A" failures="0" tests="1" name="Regression Test Suite for Edge" time="3.784" errors="0" timestamp="2025-04-28T12:18:49 IST">
  <testcase classname="TutorialsPoint.PracticeTests" name="TC_Actions" time="1.337"/>
  <testcase classname="TutorialsPoint.PracticeTests" name="TC_Handling_Radiobuttons" time="0.0">
    <ignored/>
  </testcase> <!-- TC_Handling_Radiobuttons -->
  <testcase classname="TutorialsPoint.PracticeTests" name="TC_Handling_Dataprovider" time="0.0">
    <ignored/>
  </testcase> <!-- TC_Handling_Dataprovider -->
  <testcase classname="TutorialsPoint.PracticeTests" name="TC_Handling_WebTables" time="0.0">
    <ignored/>
  </testcase> <!-- TC_Handling_WebTables -->
  <testcase classname="TutorialsPoint.PracticeTests" name="TC_Scroll_through_Web_Page" time="0.0">
    <ignored/>
  </testcase> <!-- TC_Scroll_through_Web_Page -->
  <testcase classname="TutorialsPoint.PracticeTests" name="TC_Handling_Tabs" time="0.0">
    <ignored/>
  </testcase> <!-- TC_Handling_Tabs -->
  <testcase classname="TutorialsPoint.PracticeTests" name="TC_Handling_Dropdowns" time="0.0">
    <ignored/>
  </testcase> <!-- TC_Handling_Dropdowns -->
  <testcase classname="TutorialsPoint.PracticeTests" name="TC_Scroll_To_Webelement" time="0.0">
    <ignored/>
  </testcase> <!-- TC_Scroll_To_Webelement -->
  <testcase classname="TutorialsPoint.PracticeTests" name="TC_Dropdowns" time="0.0">
    <ignored/>
  </testcase> <!-- TC_Dropdowns -->
  <testcase classname="TutorialsPoint.PracticeTests" name="TC_Handling_Checkboxes" time="0.0">
    <ignored/>
  </testcase> <!-- TC_Handling_Checkboxes -->
</testsuite> <!-- Regression Test Suite for Edge -->
