<?xml version="1.0" encoding="UTF-8"?>
<!-- Generated by org.testng.reporters.JUnitXMLReporter -->
<testsuite ignored="8" hostname="LAPTOP-RALNLQ2A" failures="0" tests="1" name="Test" time="9.016" errors="0" timestamp="2025-04-02T12:44:50 IST">
  <testcase classname="TutorialsPoint.PracticeTests" name="TC_09_alerts_handling" time="7.095"/>
  <testcase classname="TutorialsPoint.PracticeTests" name="TC_06_window_handling" time="0.0">
    <ignored/>
  </testcase> <!-- TC_06_window_handling -->
  <testcase classname="TutorialsPoint.PracticeTests" name="TC_08_date_and_time_handling" time="0.0">
    <ignored/>
  </testcase> <!-- TC_08_date_and_time_handling -->
  <testcase classname="TutorialsPoint.PracticeTests" name="TC_01_take_screenshot" time="0.0">
    <ignored/>
  </testcase> <!-- TC_01_take_screenshot -->
  <testcase classname="TutorialsPoint.PracticeTests" name="TC_05_tab_handling" time="0.0">
    <ignored/>
  </testcase> <!-- TC_05_tab_handling -->
  <testcase classname="TutorialsPoint.PracticeTests" name="TC_02_take_element_screenshot" time="0.0">
    <ignored/>
  </testcase> <!-- TC_02_take_element_screenshot -->
  <testcase classname="TutorialsPoint.PracticeTests" name="TC_03_file_uploads" time="0.0">
    <ignored/>
  </testcase> <!-- TC_03_file_uploads -->
  <testcase classname="TutorialsPoint.PracticeTests" name="TC_04_frame_handling" time="0.0">
    <ignored/>
  </testcase> <!-- TC_04_frame_handling -->
  <testcase classname="TutorialsPoint.PracticeTests" name="TC_07_table_handling" time="0.0">
    <ignored/>
  </testcase> <!-- TC_07_table_handling -->
</testsuite> <!-- Test -->
