<?xml version="1.0" encoding="UTF-8"?>
<testng-results ignored="0" total="1" passed="1" failed="0" skipped="0">
  <reporter-output>
  </reporter-output>
  <suite started-at="2025-05-13T17:48:48 IST" name="Default suite" finished-at="2025-05-13T17:48:57 IST" duration-ms="9310">
    <groups>
    </groups>
    <test started-at="2025-05-13T17:48:48 IST" name="Default test" finished-at="2025-05-13T17:48:57 IST" duration-ms="9310">
      <class name="PracticeTests.Day5_Miscellaneous_Questions">
        <test-method is-config="true" signature="setUp()[pri:0, instance:PracticeTests.Day5_Miscellaneous_Questions@747edf66]" started-at="2025-05-13T17:48:48 IST" name="setUp" finished-at="2025-05-13T17:48:50 IST" duration-ms="2089" status="PASS">
          <reporter-output>
          </reporter-output>
        </test-method> <!-- setUp -->
        <test-method signature="TC_09_Dropdown__Without_Select_Class()[pri:0, instance:PracticeTests.Day5_Miscellaneous_Questions@747edf66]" started-at="2025-05-13T17:48:50 IST" name="TC_09_Dropdown__Without_Select_Class" finished-at="2025-05-13T17:48:57 IST" duration-ms="7182" status="PASS">
          <reporter-output>
          </reporter-output>
        </test-method> <!-- TC_09_Dropdown__Without_Select_Class -->
      </class> <!-- PracticeTests.Day5_Miscellaneous_Questions -->
    </test> <!-- Default test -->
  </suite> <!-- Default suite -->
</testng-results>
