<?xml version="1.0" encoding="UTF-8"?>
<testng-results ignored="0" total="1" passed="1" failed="0" skipped="0">
  <reporter-output>
  </reporter-output>
  <suite started-at="2025-03-24T15:44:56 IST" name="Default suite" finished-at="2025-03-24T15:45:38 IST" duration-ms="42848">
    <groups>
    </groups>
    <test started-at="2025-03-24T15:44:56 IST" name="Default test" finished-at="2025-03-24T15:45:38 IST" duration-ms="42848">
      <class name="TutorialsPoint.PracticeTests">
        <test-method is-config="true" signature="setUp()[pri:0, instance:TutorialsPoint.PracticeTests@3c41ed1d]" started-at="2025-03-24T15:44:56 IST" name="setUp" finished-at="2025-03-24T15:44:57 IST" duration-ms="1821" status="PASS">
          <reporter-output>
          </reporter-output>
        </test-method> <!-- setUp -->
        <test-method signature="Exercise3_Frame_Handling()[pri:0, instance:TutorialsPoint.PracticeTests@3c41ed1d]" started-at="2025-03-24T15:44:58 IST" name="Exercise3_Frame_Handling" finished-at="2025-03-24T15:45:38 IST" duration-ms="40984" status="PASS">
          <reporter-output>
          </reporter-output>
        </test-method> <!-- Exercise3_Frame_Handling -->
      </class> <!-- TutorialsPoint.PracticeTests -->
    </test> <!-- Default test -->
  </suite> <!-- Default suite -->
</testng-results>
